<?xml version="1.0" encoding="UTF-8"?>
<!-- Generated by org.testng.reporters.JUnitReportReporter -->
<testsuite hostname="Raymonds-MacBook-Air.local" failures="0" tests="2" name="Cucumber.TestNGTestRunner" time="32.600" errors="0" timestamp="2024-03-20T18:29:42 IST" skipped="0">
  <testcase classname="Cucumber.TestNGTestRunner" name="runScenario" time="17.028"/>
  <testcase classname="Cucumber.TestNGTestRunner" name="runScenario" time="15.572"/>
</testsuite> <!-- Cucumber.TestNGTestRunner -->
