<?xml version="1.0" encoding="UTF-8"?>
<!-- Generated by org.testng.reporters.JUnitReportReporter -->
<testsuite hostname="Raymonds-MacBook-Air.local" failures="0" tests="3" name="seleniumTutorial.Tests.Ecommerce" time="47.223" errors="0" timestamp="2024-03-18T11:49:05 IST" skipped="0">
  <testcase classname="seleniumTutorial.Tests.Ecommerce" name="orderHistory" time="10.592"/>
  <testcase classname="seleniumTutorial.Tests.Ecommerce" name="submitEcommerce" time="19.388"/>
  <testcase classname="seleniumTutorial.Tests.Ecommerce" name="submitEcommerce" time="17.243"/>
</testsuite> <!-- seleniumTutorial.Tests.Ecommerce -->
