<?xml version="1.0" encoding="UTF-8"?>
<!-- Generated by org.testng.reporters.JUnitReportReporter -->
<testsuite hostname="Raymonds-MacBook-Air.local" failures="0" tests="2" name="Cucumber.TestNGTestRunner" time="86.764" errors="0" timestamp="2024-03-20T21:20:12 IST" skipped="0">
  <testcase classname="Cucumber.TestNGTestRunner" name="runScenario" time="66.807"/>
  <testcase classname="Cucumber.TestNGTestRunner" name="runScenario" time="19.957"/>
</testsuite> <!-- Cucumber.TestNGTestRunner -->
