<?xml version="1.0" encoding="UTF-8"?>
<!-- Generated by org.testng.reporters.JUnitReportReporter -->
<testsuite hostname="Raymonds-MacBook-Air.local" failures="0" tests="1" name="seleniumTutorial.Tests.ErrorValidation" time="4.738" errors="0" timestamp="2024-04-16T09:29:23 IST" skipped="0">
  <testcase classname="seleniumTutorial.Tests.ErrorValidation" name="submitEcommerce" time="4.738"/>
</testsuite> <!-- seleniumTutorial.Tests.ErrorValidation -->
